0 info it worked if it ends with ok
1 verbose cli [ '/usr/bin/node',
1 verbose cli   '/usr/bin/npm',
1 verbose cli   'install',
1 verbose cli   '--save-dev',
1 verbose cli   'emvify' ]
2 info using npm@1.4.28
3 info using node@v0.10.37
4 verbose node symlink /usr/bin/node
5 verbose readDependencies using package.json deps
6 verbose cache add [ 'emvify', null ]
7 verbose cache add name=undefined spec="emvify" args=["emvify",null]
8 verbose parsed url { protocol: null,
8 verbose parsed url   slashes: null,
8 verbose parsed url   auth: null,
8 verbose parsed url   host: null,
8 verbose parsed url   port: null,
8 verbose parsed url   hostname: null,
8 verbose parsed url   hash: null,
8 verbose parsed url   search: null,
8 verbose parsed url   query: null,
8 verbose parsed url   pathname: 'emvify',
8 verbose parsed url   path: 'emvify',
8 verbose parsed url   href: 'emvify' }
9 silly lockFile b38f3286-emvify emvify
10 verbose lock emvify /home/steve/.npm/b38f3286-emvify.lock
11 silly lockFile b38f3286-emvify emvify
12 silly lockFile b38f3286-emvify emvify
13 verbose addNamed [ 'emvify', '' ]
14 verbose addNamed [ null, '*' ]
15 silly lockFile cbc05a70-emvify emvify@
16 verbose lock emvify@ /home/steve/.npm/cbc05a70-emvify.lock
17 silly addNameRange { name: 'emvify', range: '*', hasData: false }
18 verbose request where is /emvify
19 verbose request registry https://registry.npmjs.org/
20 verbose request id 44ce9bff3e4a4dd0
21 verbose url raw /emvify
22 verbose url resolving [ 'https://registry.npmjs.org/', './emvify' ]
23 verbose url resolved https://registry.npmjs.org/emvify
24 verbose request where is https://registry.npmjs.org/emvify
25 info trying registry request attempt 1 at 18:44:05
26 http GET https://registry.npmjs.org/emvify
27 http 404 https://registry.npmjs.org/emvify
28 verbose headers { server: 'CouchDB/1.5.0 (Erlang OTP/R16B03)',
28 verbose headers   'content-type': 'application/json',
28 verbose headers   'cache-control': 'max-age=0',
28 verbose headers   'content-length': '51',
28 verbose headers   'accept-ranges': 'bytes',
28 verbose headers   date: 'Wed, 27 May 2015 01:44:06 GMT',
28 verbose headers   via: '1.1 varnish',
28 verbose headers   age: '0',
28 verbose headers   connection: 'keep-alive',
28 verbose headers   'x-served-by': 'cache-lax1422-LAX',
28 verbose headers   'x-cache': 'MISS',
28 verbose headers   'x-cache-hits': '0',
28 verbose headers   'x-timer': 'S1432691045.912738,VS0,VE335' }
29 silly registry.get cb [ 404,
29 silly registry.get   { server: 'CouchDB/1.5.0 (Erlang OTP/R16B03)',
29 silly registry.get     'content-type': 'application/json',
29 silly registry.get     'cache-control': 'max-age=0',
29 silly registry.get     'content-length': '51',
29 silly registry.get     'accept-ranges': 'bytes',
29 silly registry.get     date: 'Wed, 27 May 2015 01:44:06 GMT',
29 silly registry.get     via: '1.1 varnish',
29 silly registry.get     age: '0',
29 silly registry.get     connection: 'keep-alive',
29 silly registry.get     'x-served-by': 'cache-lax1422-LAX',
29 silly registry.get     'x-cache': 'MISS',
29 silly registry.get     'x-cache-hits': '0',
29 silly registry.get     'x-timer': 'S1432691045.912738,VS0,VE335' } ]
30 silly lockFile cbc05a70-emvify emvify@
31 silly lockFile cbc05a70-emvify emvify@
32 error 404 404 Not Found: emvify
32 error 404
32 error 404 'emvify' is not in the npm registry.
32 error 404 You should bug the author to publish it
32 error 404 It was specified as a dependency of 'maze-cube-app'
32 error 404
32 error 404 Note that you can also install from a
32 error 404 tarball, folder, or http url, or git url.
33 error System Linux 3.16.0-38-generic
34 error command "/usr/bin/node" "/usr/bin/npm" "install" "--save-dev" "emvify"
35 error cwd /home/steve/codes/maze-cube-app
36 error node -v v0.10.37
37 error npm -v 1.4.28
38 error code E404
39 verbose exit [ 1, true ]
